apk-project/app/build/intermediates/manifest_merge_blame_file/release/manifest-merger-blame-release-report.txt
1<?xml version="1.0" encoding="utf-8"?>
2<manifest xmlns:android="http://schemas.android.com/apk/res/android"
3    package="com.qbittorrent.android"
4    android:versionCode="1"
5    android:versionName="1.1" >
6
7    <uses-sdk
8        android:minSdkVersion="24"
9        android:targetSdkVersion="34" />
10
11    <uses-permission android:name="android.permission.INTERNET" />
11-->src\main\AndroidManifest.xml:4:5-67
11-->src\main\AndroidManifest.xml:4:22-64
12    <uses-permission android:name="android.permission.ACCESS_NETWORK_STATE" />
12-->src\main\AndroidManifest.xml:5:5-79
12-->src\main\AndroidManifest.xml:5:22-76
13    <uses-permission android:name="android.permission.FOREGROUND_SERVICE" />
13-->src\main\AndroidManifest.xml:6:5-77
13-->src\main\AndroidManifest.xml:6:22-74
14    <uses-permission android:name="android.permission.FOREGROUND_SERVICE_DATA_SYNC" />
14-->src\main\AndroidManifest.xml:7:5-87
14-->src\main\AndroidManifest.xml:7:22-84
15    <uses-permission android:name="android.permission.POST_NOTIFICATIONS" />
15-->src\main\AndroidManifest.xml:8:5-77
15-->src\main\AndroidManifest.xml:8:22-74
16    <uses-permission android:name="android.permission.WRITE_EXTERNAL_STORAGE" />
16-->src\main\AndroidManifest.xml:9:5-81
16-->src\main\AndroidManifest.xml:9:22-78
17    <uses-permission android:name="android.permission.READ_EXTERNAL_STORAGE" />
17-->src\main\AndroidManifest.xml:10:5-80
17-->src\main\AndroidManifest.xml:10:22-77
18    <uses-permission android:name="android.permission.MANAGE_EXTERNAL_STORAGE" />
18-->src\main\AndroidManifest.xml:11:5-82
18-->src\main\AndroidManifest.xml:11:22-79
19    <uses-permission android:name="android.permission.CREATE_SHORTCUT" />
19-->src\main\AndroidManifest.xml:12:5-74
19-->src\main\AndroidManifest.xml:12:22-71
20
21    <permission
21-->[androidx.core:core:1.9.0] AndroidManifest.xml:22:5-24:47
22        android:name="com.qbittorrent.android.DYNAMIC_RECEIVER_NOT_EXPORTED_PERMISSION"
22-->[androidx.core:core:1.9.0] AndroidManifest.xml:23:9-81
23        android:protectionLevel="signature" />
23-->[androidx.core:core:1.9.0] AndroidManifest.xml:24:9-44
24
25    <uses-permission android:name="com.qbittorrent.android.DYNAMIC_RECEIVER_NOT_EXPORTED_PERMISSION" />
25-->[androidx.core:core:1.9.0] AndroidManifest.xml:26:5-97
25-->[androidx.core:core:1.9.0] AndroidManifest.xml:26:22-94
26
27    <application
27-->src\main\AndroidManifest.xml:14:5-69:19
28        android:allowBackup="true"
28-->src\main\AndroidManifest.xml:15:9-35
29        android:appComponentFactory="androidx.core.app.CoreComponentFactory"
29-->[androidx.core:core:1.9.0] AndroidManifest.xml:28:18-86
30        android:extractNativeLibs="true"
31        android:icon="@mipmap/ic_launcher"
31-->src\main\AndroidManifest.xml:16:9-43
32        android:label="qBittorrent"
32-->src\main\AndroidManifest.xml:17:9-36
33        android:networkSecurityConfig="@xml/network_security_config"
33-->src\main\AndroidManifest.xml:19:9-69
34        android:requestLegacyExternalStorage="true"
34-->src\main\AndroidManifest.xml:20:9-52
35        android:theme="@style/Theme.QBittorrent" >
35-->src\main\AndroidManifest.xml:18:9-49
36
37        <!-- 欢迎界面 (启动入口) -->
38        <activity
38-->src\main\AndroidManifest.xml:23:9-31:20
39            android:name="com.qbittorrent.android.WelcomeActivity"
39-->src\main\AndroidManifest.xml:24:13-44
40            android:exported="true"
40-->src\main\AndroidManifest.xml:25:13-36
41            android:launchMode="singleTask" >
41-->src\main\AndroidManifest.xml:26:13-44
42            <intent-filter>
42-->src\main\AndroidManifest.xml:27:13-30:29
43                <action android:name="android.intent.action.MAIN" />
43-->src\main\AndroidManifest.xml:28:17-69
43-->src\main\AndroidManifest.xml:28:25-66
44
45                <category android:name="android.intent.category.LAUNCHER" />
45-->src\main\AndroidManifest.xml:29:17-77
45-->src\main\AndroidManifest.xml:29:27-74
46            </intent-filter>
47        </activity>
48
49        <!-- 主界面 (全屏 WebView) -->
50        <activity
50-->src\main\AndroidManifest.xml:34:9-51:20
51            android:name="com.qbittorrent.android.MainActivity"
51-->src\main\AndroidManifest.xml:35:13-41
52            android:exported="true"
52-->src\main\AndroidManifest.xml:36:13-36
53            android:launchMode="singleTask" >
53-->src\main\AndroidManifest.xml:37:13-44
54
55            <!-- 处理 magnet 链接 -->
56            <intent-filter>
56-->src\main\AndroidManifest.xml:39:13-44:29
57                <action android:name="android.intent.action.VIEW" />
57-->src\main\AndroidManifest.xml:40:17-69
57-->src\main\AndroidManifest.xml:40:25-66
58
59                <category android:name="android.intent.category.DEFAULT" />
59-->src\main\AndroidManifest.xml:41:17-76
59-->src\main\AndroidManifest.xml:41:27-73
60                <category android:name="android.intent.category.BROWSABLE" />
60-->src\main\AndroidManifest.xml:42:17-78
60-->src\main\AndroidManifest.xml:42:27-75
61
62                <data android:scheme="magnet" />
62-->src\main\AndroidManifest.xml:43:17-49
62-->src\main\AndroidManifest.xml:43:23-46
63            </intent-filter>
64            <!-- 处理 .torrent 文件 -->
65            <intent-filter>
65-->src\main\AndroidManifest.xml:46:13-50:29
66                <action android:name="android.intent.action.VIEW" />
66-->src\main\AndroidManifest.xml:40:17-69
66-->src\main\AndroidManifest.xml:40:25-66
67
68                <category android:name="android.intent.category.DEFAULT" />
68-->src\main\AndroidManifest.xml:41:17-76
68-->src\main\AndroidManifest.xml:41:27-73
69
70                <data android:mimeType="application/x-bittorrent" />
70-->src\main\AndroidManifest.xml:43:17-49
70-->src\main\AndroidManifest.xml:49:23-66
71            </intent-filter>
72        </activity>
73
74        <!-- 设置界面 -->
75        <activity
75-->src\main\AndroidManifest.xml:54:9-62:20
76            android:name="com.qbittorrent.android.SettingsActivity"
76-->src\main\AndroidManifest.xml:55:13-45
77            android:exported="true"
77-->src\main\AndroidManifest.xml:56:13-36
78            android:launchMode="singleTask" >
78-->src\main\AndroidManifest.xml:57:13-44
79            <intent-filter>
79-->src\main\AndroidManifest.xml:58:13-61:29
80                <action android:name="com.qbittorrent.android.SETTINGS" />
80-->src\main\AndroidManifest.xml:59:17-75
80-->src\main\AndroidManifest.xml:59:25-72
81
82                <category android:name="android.intent.category.DEFAULT" />
82-->src\main\AndroidManifest.xml:41:17-76
82-->src\main\AndroidManifest.xml:41:27-73
83            </intent-filter>
84        </activity>
85
86        <service
86-->src\main\AndroidManifest.xml:64:9-67:40
87            android:name="com.qbittorrent.android.QBittorrentService"
87-->src\main\AndroidManifest.xml:65:13-47
88            android:exported="false"
88-->src\main\AndroidManifest.xml:67:13-37
89            android:foregroundServiceType="dataSync" />
89-->src\main\AndroidManifest.xml:66:13-53
90
91        <provider
91-->[androidx.emoji2:emoji2:1.2.0] AndroidManifest.xml:24:9-32:20
92            android:name="androidx.startup.InitializationProvider"
92-->[androidx.emoji2:emoji2:1.2.0] AndroidManifest.xml:25:13-67
93            android:authorities="com.qbittorrent.android.androidx-startup"
93-->[androidx.emoji2:emoji2:1.2.0] AndroidManifest.xml:26:13-68
94            android:exported="false" >
94-->[androidx.emoji2:emoji2:1.2.0] AndroidManifest.xml:27:13-37
95            <meta-data
95-->[androidx.emoji2:emoji2:1.2.0] AndroidManifest.xml:29:13-31:52
96                android:name="androidx.emoji2.text.EmojiCompatInitializer"
96-->[androidx.emoji2:emoji2:1.2.0] AndroidManifest.xml:30:17-75
97                android:value="androidx.startup" />
97-->[androidx.emoji2:emoji2:1.2.0] AndroidManifest.xml:31:17-49
98            <meta-data
98-->[androidx.lifecycle:lifecycle-process:2.6.1] AndroidManifest.xml:29:13-31:52
99                android:name="androidx.lifecycle.ProcessLifecycleInitializer"
99-->[androidx.lifecycle:lifecycle-process:2.6.1] AndroidManifest.xml:30:17-78
100                android:value="androidx.startup" />
100-->[androidx.lifecycle:lifecycle-process:2.6.1] AndroidManifest.xml:31:17-49
101            <meta-data
101-->[androidx.profileinstaller:profileinstaller:1.3.0] AndroidManifest.xml:29:13-31:52
102                android:name="androidx.profileinstaller.ProfileInstallerInitializer"
102-->[androidx.profileinstaller:profileinstaller:1.3.0] AndroidManifest.xml:30:17-85
103                android:value="androidx.startup" />
103-->[androidx.profileinstaller:profileinstaller:1.3.0] AndroidManifest.xml:31:17-49
104        </provider>
105
106        <receiver
106-->[androidx.profileinstaller:profileinstaller:1.3.0] AndroidManifest.xml:34:9-52:20
107            android:name="androidx.profileinstaller.ProfileInstallReceiver"
107-->[androidx.profileinstaller:profileinstaller:1.3.0] AndroidManifest.xml:35:13-76
108            android:directBootAware="false"
108-->[androidx.profileinstaller:profileinstaller:1.3.0] AndroidManifest.xml:36:13-44
109            android:enabled="true"
109-->[androidx.profileinstaller:profileinstaller:1.3.0] AndroidManifest.xml:37:13-35
110            android:exported="true"
110-->[androidx.profileinstaller:profileinstaller:1.3.0] AndroidManifest.xml:38:13-36
111            android:permission="android.permission.DUMP" >
111-->[androidx.profileinstaller:profileinstaller:1.3.0] AndroidManifest.xml:39:13-57
112            <intent-filter>
112-->[androidx.profileinstaller:profileinstaller:1.3.0] AndroidManifest.xml:40:13-42:29
113                <action android:name="androidx.profileinstaller.action.INSTALL_PROFILE" />
113-->[androidx.profileinstaller:profileinstaller:1.3.0] AndroidManifest.xml:41:17-91
113-->[androidx.profileinstaller:profileinstaller:1.3.0] AndroidManifest.xml:41:25-88
114            </intent-filter>
115            <intent-filter>
115-->[androidx.profileinstaller:profileinstaller:1.3.0] AndroidManifest.xml:43:13-45:29
116                <action android:name="androidx.profileinstaller.action.SKIP_FILE" />
116-->[androidx.profileinstaller:profileinstaller:1.3.0] AndroidManifest.xml:44:17-85
116-->[androidx.profileinstaller:profileinstaller:1.3.0] AndroidManifest.xml:44:25-82
117            </intent-filter>
118            <intent-filter>
118-->[androidx.profileinstaller:profileinstaller:1.3.0] AndroidManifest.xml:46:13-48:29
119                <action android:name="androidx.profileinstaller.action.SAVE_PROFILE" />
119-->[androidx.profileinstaller:profileinstaller:1.3.0] AndroidManifest.xml:47:17-88
119-->[androidx.profileinstaller:profileinstaller:1.3.0] AndroidManifest.xml:47:25-85
120            </intent-filter>
121            <intent-filter>
121-->[androidx.profileinstaller:profileinstaller:1.3.0] AndroidManifest.xml:49:13-51:29
122                <action android:name="androidx.profileinstaller.action.BENCHMARK_OPERATION" />
122-->[androidx.profileinstaller:profileinstaller:1.3.0] AndroidManifest.xml:50:17-95
122-->[androidx.profileinstaller:profileinstaller:1.3.0] AndroidManifest.xml:50:25-92
123            </intent-filter>
124        </receiver>
125    </application>
126
127</manifest>